Determining if the pthread_create exist failed with the following output:
Change Dir: /home/carson/leap_to_parrot/build/CMakeFiles/CMakeTmp

Run Build Command:/usr/bin/make "cmTryCompileExec3036876978/fast"
/usr/bin/make -f CMakeFiles/cmTryCompileExec3036876978.dir/build.make CMakeFiles/cmTryCompileExec3036876978.dir/build
make[1]: Entering directory `/home/carson/leap_to_parrot/build/CMakeFiles/CMakeTmp'
/usr/bin/cmake -E cmake_progress_report /home/carson/leap_to_parrot/build/CMakeFiles/CMakeTmp/CMakeFiles 1
Building C object CMakeFiles/cmTryCompileExec3036876978.dir/CheckSymbolExists.c.o
/usr/bin/cc    -o CMakeFiles/cmTryCompileExec3036876978.dir/CheckSymbolExists.c.o   -c /home/carson/leap_to_parrot/build/CMakeFiles/CMakeTmp/CheckSymbolExists.c
Linking C executable cmTryCompileExec3036876978
/usr/bin/cmake -E cmake_link_script CMakeFiles/cmTryCompileExec3036876978.dir/link.txt --verbose=1
/usr/bin/cc       CMakeFiles/cmTryCompileExec3036876978.dir/CheckSymbolExists.c.o  -o cmTryCompileExec3036876978 -rdynamic 
CMakeFiles/cmTryCompileExec3036876978.dir/CheckSymbolExists.c.o: In function `main':
CheckSymbolExists.c:(.text+0x16): undefined reference to `pthread_create'
collect2: error: ld returned 1 exit status
make[1]: *** [cmTryCompileExec3036876978] Error 1
make[1]: Leaving directory `/home/carson/leap_to_parrot/build/CMakeFiles/CMakeTmp'
make: *** [cmTryCompileExec3036876978/fast] Error 2

File /home/carson/leap_to_parrot/build/CMakeFiles/CMakeTmp/CheckSymbolExists.c:
/* */
#include <pthread.h>

int main(int argc, char** argv)
{
  (void)argv;
#ifndef pthread_create
  return ((int*)(&pthread_create))[argc];
#else
  (void)argc;
  return 0;
#endif
}

Determining if the function pthread_create exists in the pthreads failed with the following output:
Change Dir: /home/carson/leap_to_parrot/build/CMakeFiles/CMakeTmp

Run Build Command:/usr/bin/make "cmTryCompileExec2789245346/fast"
/usr/bin/make -f CMakeFiles/cmTryCompileExec2789245346.dir/build.make CMakeFiles/cmTryCompileExec2789245346.dir/build
make[1]: Entering directory `/home/carson/leap_to_parrot/build/CMakeFiles/CMakeTmp'
/usr/bin/cmake -E cmake_progress_report /home/carson/leap_to_parrot/build/CMakeFiles/CMakeTmp/CMakeFiles 1
Building C object CMakeFiles/cmTryCompileExec2789245346.dir/CheckFunctionExists.c.o
/usr/bin/cc   -DCHECK_FUNCTION_EXISTS=pthread_create   -o CMakeFiles/cmTryCompileExec2789245346.dir/CheckFunctionExists.c.o   -c /usr/share/cmake-2.8/Modules/CheckFunctionExists.c
Linking C executable cmTryCompileExec2789245346
/usr/bin/cmake -E cmake_link_script CMakeFiles/cmTryCompileExec2789245346.dir/link.txt --verbose=1
/usr/bin/cc   -DCHECK_FUNCTION_EXISTS=pthread_create    CMakeFiles/cmTryCompileExec2789245346.dir/CheckFunctionExists.c.o  -o cmTryCompileExec2789245346 -rdynamic -lpthreads 
/usr/bin/ld: cannot find -lpthreads
collect2: error: ld returned 1 exit status
make[1]: *** [cmTryCompileExec2789245346] Error 1
make[1]: Leaving directory `/home/carson/leap_to_parrot/build/CMakeFiles/CMakeTmp'
make: *** [cmTryCompileExec2789245346/fast] Error 2


